<?xml version="1.0" encoding="UTF-8"?>
<!-- Generated by org.testng.reporters.JUnitReportReporter -->
<testsuite hostname="LAPTOP-174NET6O" failures="0" tests="1" name="Sample.GoogleSearch" time="41.426" errors="0" timestamp="2020-07-19T21:57:16 EDT" skipped="0">
  <testcase classname="Sample.GoogleSearch" name="Magentoreg" time="41.426"/>
</testsuite> <!-- Sample.GoogleSearch -->
